\BOOKMARK [0][-]{chapter.1}{\376\377\000M\000o\000t\000i\000v\000a\000t\000i\000o\000n}{}% 1
\BOOKMARK [0][-]{chapter.2}{\376\377\000P\000r\000e\000l\000i\000m\000i\000n\000a\000r\000i\000e\000s}{}% 2
\BOOKMARK [1][-]{section.2.1}{\376\377\000G\000e\000n\000e\000r\000a\000l\000\040\000D\000e\000f\000i\000n\000i\000t\000i\000o\000n\000s}{chapter.2}% 3
\BOOKMARK [1][-]{section.2.2}{\376\377\000M\000o\000d\000e\000l\000\040\000P\000r\000e\000d\000i\000c\000t\000i\000v\000e\000\040\000C\000o\000n\000t\000r\000o\000l}{chapter.2}% 4
\BOOKMARK [1][-]{section.2.3}{\376\377\000G\000r\000a\000p\000h\000\040\000T\000r\000a\000n\000s\000f\000o\000r\000m\000a\000t\000i\000o\000n\000\040\000T\000h\000e\000o\000r\000y}{chapter.2}% 5
\BOOKMARK [0][-]{chapter.3}{\376\377\000L\000i\000t\000e\000r\000a\000t\000u\000r\000e\000\040\000R\000e\000v\000i\000e\000w}{}% 6
\BOOKMARK [1][-]{section.3.1}{\376\377\000F\000l\000e\000e\000t\000\040\000a\000n\000d\000\040\000T\000r\000a\000n\000s\000p\000o\000r\000t\000a\000t\000i\000o\000n\000\040\000N\000e\000t\000w\000o\000r\000k}{chapter.3}% 7
\BOOKMARK [1][-]{section.3.2}{\376\377\000A\000T\000o\000D\000\040\000C\000h\000a\000l\000l\000a\000n\000g\000e\000s}{chapter.3}% 8
\BOOKMARK [1][-]{section.3.3}{\376\377\000M\000P\000C\000\040\000f\000o\000r\000\040\000A\000T\000o\000D\000s}{chapter.3}% 9
\BOOKMARK [1][-]{section.3.4}{\376\377\000A\000p\000p\000l\000i\000c\000a\000t\000i\000o\000n\000s\000\040\000o\000f\000\040\000G\000r\000a\000p\000h\000\040\000T\000r\000a\000n\000s\000f\000o\000r\000m\000a\000t\000i\000o\000n\000\040\000S\000y\000s\000t\000e\000m\000s\000\040}{chapter.3}% 10
\BOOKMARK [0][-]{chapter.4}{\376\377\000T\000i\000m\000e\000-\000I\000n\000v\000a\000r\000i\000a\000n\000t\000\040\000M\000o\000d\000e\000l\000\040\000o\000f\000\040\000A\000T\000o\000D}{}% 11
\BOOKMARK [1][-]{section.4.1}{\376\377\000V\000e\000h\000i\000c\000l\000e\000-\000c\000e\000n\000t\000r\000i\000c\000\040\000M\000o\000d\000e\000l}{chapter.4}% 12
\BOOKMARK [1][-]{section.4.2}{\376\377\000P\000r\000o\000b\000l\000e\000m\000\040\000F\000o\000r\000m\000u\000l\000a\000t\000i\000o\000n}{chapter.4}% 13
\BOOKMARK [1][-]{section.4.3}{\376\377\000U\000s\000e\000\040\000C\000a\000s\000e}{chapter.4}% 14
\BOOKMARK [0][-]{chapter.5}{\376\377\000M\000o\000d\000e\000l\000\040\000P\000r\000e\000d\000i\000c\000t\000i\000v\000e\000\040\000C\000o\000n\000t\000r\000o\000l\000\040\000o\000f\000\040\000A\000T\000o\000D}{}% 15
\BOOKMARK [1][-]{section.5.1}{\376\377\000L\000i\000n\000e\000a\000r\000-\000D\000i\000s\000c\000r\000e\000t\000e\000\040\000T\000i\000m\000e\000\040\000M\000o\000d\000e\000l}{chapter.5}% 16
\BOOKMARK [1][-]{section.5.2}{\376\377\000P\000r\000o\000b\000l\000e\000m\000\040\000F\000o\000r\000m\000u\000l\000a\000t\000i\000o\000n}{chapter.5}% 17
\BOOKMARK [1][-]{section.5.3}{\376\377\000U\000s\000e\000\040\000C\000a\000s\000e\000/\000S\000i\000m\000u\000l\000a\000t\000i\000o\000n\000\040\000/\000\040\000E\000v\000a\000l\000u\000a\000t\000i\000o\000n}{chapter.5}% 18
\BOOKMARK [0][-]{chapter.6}{\376\377\000P\000a\000r\000t\000\040\0002\000\040\000-\000\040\000G\000r\000a\000p\000h\000\040\000T\000r\000a\000n\000s\000f\000o\000r\000m\000a\000t\000i\000o\000n\000\040\000T\000h\000e\000o\000r\000y}{}% 19
\BOOKMARK [0][-]{chapter.7}{\376\377\000S\000u\000m\000m\000a\000r\000y\000\040\000a\000n\000d\000\040\000O\000u\000t\000l\000o\000o\000k}{}% 20
